#
# A fatal error has been detected by the Java Runtime Environment:
#
#  EXCEPTION_ACCESS_VIOLATION (0xc0000005) at pc=0x00007ffd61f65e59, pid=11248, tid=0x0000000000003318
#
# JRE version: Java(TM) SE Runtime Environment (8.0_181-b13) (build 1.8.0_181-b13)
# Java VM: Java HotSpot(TM) 64-Bit Server VM (25.181-b13 mixed mode windows-amd64 compressed oops)
# Problematic frame:
# C  [KERNEL32.DLL+0x15e59]
#
# Failed to write core dump. Minidumps are not enabled by default on client versions of Windows
#
# If you would like to submit a bug report, please visit:
#   http://bugreport.java.com/bugreport/crash.jsp
#

---------------  T H R E A D  ---------------

Current thread (0x00000000205f8800):  WatcherThread [stack: 0x0000000021220000,0x0000000021320000] [id=13080]

siginfo: ExceptionCode=0xc0000005, reading address 0x0000000000000048

Registers:
RAX=0x0000000000000000, RBX=0x000000002131fb70, RCX=0x000000002131fb70, RDX=0x0000000000000005
RSP=0x000000002131fb08, RBP=0x0000000000000002, RSI=0x0000000002568460, RDI=0x0000000000000000
R8 =0x000000000000097c, R9 =0x000000007ffed000, R10=0x0000000000000001, R11=0x00000002a6a0e738
R12=0x0000000000002c79, R13=0x0000000000000000, R14=0x0000000000000000, R15=0x0000000000000000
RIP=0x00007ffd61f65e59, EFLAGS=0x0000000000010202

Top of Stack: (sp=0x000000002131fb08)
0x000000002131fb08:   000000006c8709d3 0000000000000001
0x000000002131fb18:   0000000020554b00 0000000000000000
0x000000002131fb28:   000000006c7ee362 0000000000000000
0x000000002131fb38:   000000006c69e3c1 0000000000000005
0x000000002131fb48:   000000006c7e8421 0000000000000032
0x000000002131fb58:   000000006c7e7e85 0000000000000000
0x000000002131fb68:   000000006c69e455 0000000000000002
0x000000002131fb78:   0000000002571cd0 000000006cde5680
0x000000002131fb88:   000000006c80f416 00000000205f8800
0x000000002131fb98:   000000006c80e67d 0000000002571cd0
0x000000002131fba8:   00000000205f8800 0000000000000000
0x000000002131fbb8:   0000000000000000 0000000000000000
0x000000002131fbc8:   0000000000000000 0000000000002c79
0x000000002131fbd8:   000000006c811380 000000002131fd60
0x000000002131fbe8:   0000000000000000 00000000205f8800
0x000000002131fbf8:   0000000000000000 0000000000000000 

Instructions: (pc=0x00007ffd61f65e59)
0x00007ffd61f65e39:   cc cc cc cc cc cc cc e9 1b d2 00 00 cc cc cc cc
0x00007ffd61f65e49:   cc cc cc cc cc cc cc 65 48 8b 04 25 30 00 00 00
0x00007ffd61f65e59:   8b 40 48 c3 cc cc cc cc cc cc cc cc cc cc cc cc
0x00007ffd61f65e69:   cc cc cc cc cc cc cc 40 53 48 83 ec 30 48 8b 15 


Register to memory mapping:

RAX=0x0000000000000000 is an unknown value
RBX=0x000000002131fb70 is an unknown value
RCX=0x000000002131fb70 is an unknown value
RDX=0x0000000000000005 is an unknown value
RSP=0x000000002131fb08 is an unknown value
RBP=0x0000000000000002 is an unknown value
RSI=0x0000000002568460 is an unknown value
RDI=0x0000000000000000 is an unknown value
R8 =0x000000000000097c is an unknown value
R9 =0x000000007ffed000 is an unknown value
R10=0x0000000000000001 is an unknown value
R11=0x00000002a6a0e738 is an unknown value
R12=0x0000000000002c79 is an unknown value
R13=0x0000000000000000 is an unknown value
R14=0x0000000000000000 is an unknown value
R15=0x0000000000000000 is an unknown value


Stack: [0x0000000021220000,0x0000000021320000],  sp=0x000000002131fb08,  free space=1022k
Native frames: (J=compiled Java code, j=interpreted, Vv=VM code, C=native code)
C  [KERNEL32.DLL+0x15e59]


---------------  P R O C E S S  ---------------

Java Threads: ( => current thread )
  0x00000000205d7800 JavaThread "Service Thread" daemon [_thread_blocked, id=19624, stack(0x0000000021120000,0x0000000021220000)]
  0x0000000020559800 JavaThread "C1 CompilerThread3" daemon [_thread_blocked, id=12400, stack(0x0000000021020000,0x0000000021120000)]
  0x0000000020551000 JavaThread "C2 CompilerThread2" daemon [_thread_blocked, id=220, stack(0x0000000020f20000,0x0000000021020000)]
  0x0000000020550000 JavaThread "C2 CompilerThread1" daemon [_thread_blocked, id=25432, stack(0x0000000020e20000,0x0000000020f20000)]
  0x000000002054b000 JavaThread "C2 CompilerThread0" daemon [_thread_blocked, id=6668, stack(0x0000000020d20000,0x0000000020e20000)]
  0x0000000020548800 JavaThread "Attach Listener" daemon [_thread_blocked, id=8456, stack(0x0000000020c20000,0x0000000020d20000)]
  0x0000000020547000 JavaThread "Signal Dispatcher" daemon [_thread_blocked, id=16600, stack(0x0000000020b20000,0x0000000020c20000)]
  0x0000000020540800 JavaThread "Finalizer" daemon [_thread_blocked, id=23560, stack(0x0000000020920000,0x0000000020a20000)]
  0x0000000002668000 JavaThread "Reference Handler" daemon [_thread_blocked, id=7376, stack(0x0000000020420000,0x0000000020520000)]
  0x0000000002572800 JavaThread "main" [_thread_in_native, id=10436, stack(0x0000000002370000,0x0000000002470000)]

Other Threads:
  0x000000001e629000 VMThread [stack: 0x0000000020320000,0x0000000020420000] [id=8148]
=>0x00000000205f8800 WatcherThread [stack: 0x0000000021220000,0x0000000021320000] [id=13080]

VM state:not at safepoint (normal execution)

VM Mutex/Monitor currently owned by a thread: None

Heap:
 PSYoungGen      total 95744K, used 3297K [0x0000000755c00000, 0x000000075c680000, 0x00000007c0000000)
  eden space 82432K, 4% used [0x0000000755c00000,0x0000000755f38538,0x000000075ac80000)
  from space 13312K, 0% used [0x000000075b980000,0x000000075b980000,0x000000075c680000)
  to   space 13312K, 0% used [0x000000075ac80000,0x000000075ac80000,0x000000075b980000)
 ParOldGen       total 218624K, used 0K [0x0000000681400000, 0x000000068e980000, 0x0000000755c00000)
  object space 218624K, 0% used [0x0000000681400000,0x0000000681400000,0x000000068e980000)
 Metaspace       used 3577K, capacity 4534K, committed 4864K, reserved 1056768K
  class space    used 414K, capacity 426K, committed 512K, reserved 1048576K

Card table byte_map: [0x0000000011a30000,0x0000000012430000] byte_map_base: 0x000000000e626000

Marking Bits: (ParMarkBitMap*) 0x000000006cdf2d00
 Begin Bits: [0x00000000132e0000, 0x0000000018290000)
 End Bits:   [0x0000000018290000, 0x000000001d240000)

Polling page: 0x0000000002340000

CodeCache: size=245760Kb used=1215Kb max_used=1215Kb free=244544Kb
 bounds [0x0000000002670000, 0x00000000028e0000, 0x0000000011670000]
 total_blobs=340 nmethods=83 adapters=170
 compilation: enabled

Compilation events (10 events):
Event: 1.422 Thread 0x0000000020559800   78       3       java.lang.CharacterDataLatin1::isWhitespace (23 bytes)
Event: 1.423 Thread 0x0000000020559800 nmethod 78 0x000000000279e650 code [0x000000000279e7c0, 0x000000000279ea10]
Event: 1.423 Thread 0x0000000020559800   80       3       java.util.regex.Pattern$Node::match (27 bytes)
Event: 1.423 Thread 0x0000000020559800 nmethod 80 0x000000000279eb50 code [0x000000000279ecc0, 0x000000000279ee70]
Event: 1.423 Thread 0x0000000020559800   83       3       java.util.regex.Pattern$Curly::match (86 bytes)
Event: 1.424 Thread 0x0000000020559800 nmethod 83 0x000000000279ef90 code [0x000000000279f140, 0x000000000279f738]
Event: 1.424 Thread 0x0000000020559800   81       3       java.nio.CharBuffer::length (5 bytes)
Event: 1.424 Thread 0x0000000020559800 nmethod 81 0x000000000279f8d0 code [0x000000000279fa20, 0x000000000279fc50]
Event: 1.424 Thread 0x0000000020559800   82       3       java.util.regex.Matcher::getTextLength (10 bytes)
Event: 1.425 Thread 0x0000000020559800 nmethod 82 0x000000000279fd10 code [0x000000000279fe80, 0x00000000027a00a8]

GC Heap History (0 events):
No events

Deoptimization events (0 events):
No events

Classes redefined (0 events):
No events

Internal exceptions (6 events):
Event: 0.048 Thread 0x0000000002572800 Exception <a 'java/lang/NoSuchMethodError': Method sun.misc.Unsafe.defineClass(Ljava/lang/String;[BII)Ljava/lang/Class; name or signature does not match> (0x0000000755c07cb0) thrown at [C:\re\workspace\8-2-build-windows-amd64-cygwin\jdk8u181\11358\hotspot
Event: 0.048 Thread 0x0000000002572800 Exception <a 'java/lang/NoSuchMethodError': Method sun.misc.Unsafe.prefetchRead(Ljava/lang/Object;J)V name or signature does not match> (0x0000000755c07f98) thrown at [C:\re\workspace\8-2-build-windows-amd64-cygwin\jdk8u181\11358\hotspot\src\share\vm\prim
Event: 0.112 Thread 0x0000000002572800 Exception <a 'java/security/PrivilegedActionException'> (0x0000000755ca8918) thrown at [C:\re\workspace\8-2-build-windows-amd64-cygwin\jdk8u181\11358\hotspot\src\share\vm\prims\jvm.cpp, line 1435]
Event: 0.112 Thread 0x0000000002572800 Exception <a 'java/security/PrivilegedActionException'> (0x0000000755ca8d10) thrown at [C:\re\workspace\8-2-build-windows-amd64-cygwin\jdk8u181\11358\hotspot\src\share\vm\prims\jvm.cpp, line 1435]
Event: 0.113 Thread 0x0000000002572800 Exception <a 'java/security/PrivilegedActionException'> (0x0000000755cace08) thrown at [C:\re\workspace\8-2-build-windows-amd64-cygwin\jdk8u181\11358\hotspot\src\share\vm\prims\jvm.cpp, line 1435]
Event: 0.113 Thread 0x0000000002572800 Exception <a 'java/security/PrivilegedActionException'> (0x0000000755cad200) thrown at [C:\re\workspace\8-2-build-windows-amd64-cygwin\jdk8u181\11358\hotspot\src\share\vm\prims\jvm.cpp, line 1435]

Events (10 events):
Event: 1.415 loading class sun/nio/ch/Util$1
Event: 1.415 loading class sun/nio/ch/Util$1 done
Event: 1.415 loading class sun/nio/ch/Util$BufferCache
Event: 1.415 loading class sun/nio/ch/Util$BufferCache done
Event: 1.415 loading class java/nio/DirectByteBuffer$Deallocator
Event: 1.415 loading class java/nio/DirectByteBuffer$Deallocator done
Event: 1.416 loading class sun/nio/ch/IOStatus
Event: 1.416 loading class sun/nio/ch/IOStatus done
Event: 4.134 Executing VM operation: EnableBiasedLocking
Event: 4.134 Executing VM operation: EnableBiasedLocking done


Dynamic libraries:
0x00007ff7a55a0000 - 0x00007ff7a55d7000 	C:\Program Files\Java\jdk1.8.0_181\bin\java.exe
0x00007ffd62d60000 - 0x00007ffd62f50000 	C:\WINDOWS\SYSTEM32\ntdll.dll
0x00007ffd61f50000 - 0x00007ffd62002000 	C:\WINDOWS\System32\KERNEL32.DLL
0x00007ffd60590000 - 0x00007ffd60833000 	C:\WINDOWS\System32\KERNELBASE.dll
0x00007ffd61c30000 - 0x00007ffd61cd3000 	C:\WINDOWS\System32\ADVAPI32.dll
0x00007ffd61140000 - 0x00007ffd611de000 	C:\WINDOWS\System32\msvcrt.dll
0x00007ffd62680000 - 0x00007ffd62717000 	C:\WINDOWS\System32\sechost.dll
0x00007ffd61ce0000 - 0x00007ffd61e00000 	C:\WINDOWS\System32\RPCRT4.dll
0x00007ffd61340000 - 0x00007ffd614d4000 	C:\WINDOWS\System32\USER32.dll
0x00007ffd60d40000 - 0x00007ffd60d61000 	C:\WINDOWS\System32\win32u.dll
0x00007ffd62080000 - 0x00007ffd620a6000 	C:\WINDOWS\System32\GDI32.dll
0x00007ffd609f0000 - 0x00007ffd60b84000 	C:\WINDOWS\System32\gdi32full.dll
0x00007ffd5fd70000 - 0x00007ffd5fe0e000 	C:\WINDOWS\System32\msvcp_win.dll
0x00007ffd60840000 - 0x00007ffd6093a000 	C:\WINDOWS\System32\ucrtbase.dll
0x00007ffd4a780000 - 0x00007ffd4aa05000 	C:\WINDOWS\WinSxS\amd64_microsoft.windows.common-controls_6595b64144ccf1df_6.0.18362.720_none_e6beb5c51314836b\COMCTL32.dll
0x00007ffd627a0000 - 0x00007ffd62ad6000 	C:\WINDOWS\System32\combase.dll
0x00007ffd60d90000 - 0x00007ffd60e10000 	C:\WINDOWS\System32\bcryptPrimitives.dll
0x00007ffd62ae0000 - 0x00007ffd62b0e000 	C:\WINDOWS\System32\IMM32.DLL
0x000000006d980000 - 0x000000006da52000 	C:\Program Files\Java\jdk1.8.0_181\jre\bin\msvcr100.dll
0x000000006c5d0000 - 0x000000006ce72000 	C:\Program Files\Java\jdk1.8.0_181\jre\bin\server\jvm.dll
0x00007ffd61f40000 - 0x00007ffd61f48000 	C:\WINDOWS\System32\PSAPI.DLL
0x00007ffd5c210000 - 0x00007ffd5c234000 	C:\WINDOWS\SYSTEM32\WINMM.dll
0x00007ffd44220000 - 0x00007ffd44229000 	C:\WINDOWS\SYSTEM32\WSOCK32.dll
0x00007ffd62190000 - 0x00007ffd621ff000 	C:\WINDOWS\System32\WS2_32.dll
0x00007ffd56ea0000 - 0x00007ffd56eaa000 	C:\WINDOWS\SYSTEM32\VERSION.dll
0x00007ffd5c1e0000 - 0x00007ffd5c20d000 	C:\WINDOWS\SYSTEM32\winmmbase.dll
0x00007ffd5fcf0000 - 0x00007ffd5fd3a000 	C:\WINDOWS\System32\cfgmgr32.dll
0x000000006d970000 - 0x000000006d97f000 	C:\Program Files\Java\jdk1.8.0_181\jre\bin\verify.dll
0x000000006c560000 - 0x000000006c589000 	C:\Program Files\Java\jdk1.8.0_181\jre\bin\java.dll
0x000000006c540000 - 0x000000006c556000 	C:\Program Files\Java\jdk1.8.0_181\jre\bin\zip.dll
0x00007ffd614e0000 - 0x00007ffd61bc5000 	C:\WINDOWS\System32\SHELL32.dll
0x00007ffd62c00000 - 0x00007ffd62ca9000 	C:\WINDOWS\System32\shcore.dll
0x00007ffd5fe10000 - 0x00007ffd60590000 	C:\WINDOWS\System32\windows.storage.dll
0x00007ffd5fc50000 - 0x00007ffd5fc73000 	C:\WINDOWS\System32\profapi.dll
0x00007ffd5fc80000 - 0x00007ffd5fcca000 	C:\WINDOWS\System32\powrprof.dll
0x00007ffd5fc20000 - 0x00007ffd5fc30000 	C:\WINDOWS\System32\UMPDC.dll
0x00007ffd62020000 - 0x00007ffd62072000 	C:\WINDOWS\System32\shlwapi.dll
0x00007ffd5fc30000 - 0x00007ffd5fc41000 	C:\WINDOWS\System32\kernel.appcore.dll
0x00007ffd60d70000 - 0x00007ffd60d87000 	C:\WINDOWS\System32\cryptsp.dll
0x000000006c520000 - 0x000000006c53a000 	C:\Program Files\Java\jdk1.8.0_181\jre\bin\net.dll
0x00007ffd5f3e0000 - 0x00007ffd5f447000 	C:\WINDOWS\system32\mswsock.dll
0x000000006c500000 - 0x000000006c511000 	C:\Program Files\Java\jdk1.8.0_181\jre\bin\nio.dll
0x00007ffd5e520000 - 0x00007ffd5e714000 	C:\WINDOWS\SYSTEM32\dbghelp.dll

VM Arguments:
jvm_args: -Dfile.encoding=UTF-8 
java_command: BusinessObjects.MainApp
java_class_path (initial): C:\Users\WALLERTEK\Downloads\javax.json-1.1.4.jar;C:\Users\WALLERTEK\Downloads\mysql-connector (1).jar;C:\Users\WALLERTEK\OneDrive - Dundalk Institute of Technology\SD1B Year 2\Semester 2\COMPC8Z03 Object Oriented Programming\CA5-ObjectOrientatedProgramming-D00218004\build\classes
Launcher Type: SUN_STANDARD

Environment Variables:
PATH=C:\Program Files (x86)\Intel\Intel(R) Management Engine Components\iCLS\;C:\Program Files\Intel\Intel(R) Management Engine Components\iCLS\;C:\Program Files (x86)\Common Files\Oracle\Java\javapath;C:\WINDOWS\system32;C:\WINDOWS;C:\WINDOWS\System32\Wbem;C:\WINDOWS\System32\WindowsPowerShell\v1.0\;C:\Program Files (x86)\Common Files\Sage SData\;C:\Program Files (x86)\Common Files\Sage SBD\;C:\Program Files (x86)\Intel\Intel(R) Management Engine Components\DAL;C:\Program Files\Intel\Intel(R) Management Engine Components\DAL;C:\WINDOWS\System32\OpenSSH\;C:\Program Files\Intel\WiFi\bin\;C:\Program Files\Common Files\Intel\WirelessCommon\;C:\Program Files\dotnet\;c:\Program Files (x86)\Microsoft SQL Server\100\Tools\Binn\;c:\Program Files (x86)\Microsoft SQL Server\100\DTS\Binn\;c:\Program Files (x86)\Microsoft SQL Server\100\Tools\Binn\VSShell\Common7\IDE\;C:\Program Files\Git\cmd;C:\Program Files\nodejs\;C:\Program Files\Microsoft SQL Server\130\Tools\Binn\;C:\Program Files\MongoDB\Server\4.2\bin\;C:\Ruby26-x64\bin;C:\Users\WALLERTEK\AppData\Local\Microsoft\WindowsApps;C:\Users\WALLERTEK\AppData\Local\GitHubDesktop\bin;C:\Users\WALLERTEK\AppData\Local\Programs\Microsoft VS Code\bin;C:\Users\WALLERTEK\AppData\Roaming\npm;C:\Program Files\MongoDB\Server\4.2\bin;
USERNAME=Matthew.Waller
OS=Windows_NT
PROCESSOR_IDENTIFIER=Intel64 Family 6 Model 142 Stepping 10, GenuineIntel



---------------  S Y S T E M  ---------------

OS: Windows 10.0 , 64 bit Build 18362 (10.0.18362.329)

CPU:total 8 (initial active 8) (4 cores per cpu, 2 threads per core) family 6 model 142 stepping 10, cmov, cx8, fxsr, mmx, sse, sse2, sse3, ssse3, sse4.1, sse4.2, popcnt, avx, avx2, aes, clmul, erms, 3dnowpref, lzcnt, ht, tsc, tscinvbit, bmi1, bmi2, adx

Memory: 4k page, physical 20886436k(10931464k free), swap 61238812k(10751916k free)

vm_info: Java HotSpot(TM) 64-Bit Server VM (25.181-b13) for windows-amd64 JRE (1.8.0_181-b13), built on Jul  7 2018 04:01:33 by "java_re" with MS VC++ 10.0 (VS2010)

time: Sun Mar 22 19:25:19 2020
elapsed time: 190463 seconds (2d 4h 54m 23s)

